{"level":"info","message":"Hello from Acquisitions!","service":"acquisitions-api"}
{"level":"info","message":"::1 - - [25/Sep/2025:12:25:02 +0000] \"GET / HTTP/1.1\" 304 - \"-\" \"Mozilla/5.0 (Windows NT 10.0; Win64; x64) AppleWebKit/537.36 (KHTML, like Gecko) Chrome/140.0.0.0 Safari/537.36\"","service":"acquisitions-api"}
{"level":"info","message":"Hello from Acquisitions!","service":"acquisitions-api"}
{"level":"info","message":"::1 - - [25/Sep/2025:19:10:14 +0000] \"GET / HTTP/1.1\" 304 - \"-\" \"Mozilla/5.0 (Windows NT 10.0; Win64; x64) AppleWebKit/537.36 (KHTML, like Gecko) Chrome/140.0.0.0 Safari/537.36\"","service":"acquisitions-api"}
{"level":"info","message":"Hello from Acquisitions!","service":"acquisitions-api"}
{"level":"info","message":"::1 - - [25/Sep/2025:19:16:45 +0000] \"GET / HTTP/1.1\" 304 - \"-\" \"Mozilla/5.0 (Windows NT 10.0; Win64; x64) AppleWebKit/537.36 (KHTML, like Gecko) Chrome/140.0.0.0 Safari/537.36\"","service":"acquisitions-api"}
{"level":"info","message":"Hello from Acquisitions!","service":"acquisitions-api"}
{"level":"info","message":"::1 - - [25/Sep/2025:19:16:45 +0000] \"GET / HTTP/1.1\" 304 - \"-\" \"Mozilla/5.0 (Windows NT 10.0; Win64; x64) AppleWebKit/537.36 (KHTML, like Gecko) Chrome/140.0.0.0 Safari/537.36\"","service":"acquisitions-api"}
{"level":"info","message":"Hello from Acquisitions!","service":"acquisitions-api"}
{"level":"info","message":"::1 - - [25/Sep/2025:19:18:50 +0000] \"GET / HTTP/1.1\" 200 24 \"-\" \"HTTPie\"","service":"acquisitions-api"}
{"level":"info","message":"Hello from Acquisitions!","service":"acquisitions-api"}
{"level":"info","message":"::1 - - [26/Sep/2025:16:24:38 +0000] \"GET / HTTP/1.1\" 200 24 \"-\" \"HTTPie\"","service":"acquisitions-api"}
{"level":"info","message":"Hello from Acquisitions!","service":"acquisitions-api"}
{"level":"info","message":"::1 - - [26/Sep/2025:16:24:53 +0000] \"GET / HTTP/1.1\" 200 24 \"-\" \"HTTPie\"","service":"acquisitions-api"}
{"level":"info","message":"::1 - - [26/Sep/2025:16:25:47 +0000] \"GET /api HTTP/1.1\" 200 42 \"-\" \"HTTPie\"","service":"acquisitions-api"}
{"level":"info","message":"::1 - - [26/Sep/2025:16:26:22 +0000] \"GET /health HTTP/1.1\" 200 75 \"-\" \"HTTPie\"","service":"acquisitions-api"}
{"level":"info","message":"::1 - - [26/Sep/2025:16:27:24 +0000] \"POST /api/auth/sign-in HTTP/1.1\" 404 156 \"-\" \"HTTPie\"","service":"acquisitions-api"}
{"level":"info","message":"::1 - - [26/Sep/2025:16:28:22 +0000] \"POST /api/auth/sign-up HTTP/1.1\" 404 156 \"-\" \"HTTPie\"","service":"acquisitions-api"}
{"level":"info","message":"::1 - - [26/Sep/2025:16:28:44 +0000] \"POST /api/ HTTP/1.1\" 404 144 \"-\" \"HTTPie\"","service":"acquisitions-api"}
{"level":"info","message":"::1 - - [26/Sep/2025:16:29:01 +0000] \"GET /api/ HTTP/1.1\" 200 42 \"-\" \"HTTPie\"","service":"acquisitions-api"}
{"level":"info","message":"::1 - - [26/Sep/2025:16:29:10 +0000] \"POST /api/ HTTP/1.1\" 404 144 \"-\" \"HTTPie\"","service":"acquisitions-api"}
{"level":"info","message":"::1 - - [26/Sep/2025:18:47:17 +0000] \"POST /api/auth/sign-up HTTP/1.1\" 404 156 \"-\" \"HTTPie\"","service":"acquisitions-api"}
{"level":"info","message":"::1 - - [26/Sep/2025:18:48:01 +0000] \"POST /api/auth/sign-up HTTP/1.1\" 404 156 \"-\" \"HTTPie\"","service":"acquisitions-api"}
{"level":"info","message":"::1 - - [26/Sep/2025:18:49:21 +0000] \"POST /api/auth/signup HTTP/1.1\" 404 155 \"-\" \"HTTPie\"","service":"acquisitions-api"}
{"level":"info","message":"::1 - - [26/Sep/2025:18:49:36 +0000] \"POST /api/sign-up HTTP/1.1\" 404 151 \"-\" \"HTTPie\"","service":"acquisitions-api"}
{"level":"info","message":"::1 - - [26/Sep/2025:18:49:43 +0000] \"POST /api HTTP/1.1\" 404 143 \"-\" \"HTTPie\"","service":"acquisitions-api"}
{"level":"info","message":"::1 - - [26/Sep/2025:18:49:48 +0000] \"POST / HTTP/1.1\" 404 140 \"-\" \"HTTPie\"","service":"acquisitions-api"}
{"level":"info","message":"Hello from Acquisitions!","service":"acquisitions-api"}
{"level":"info","message":"::1 - - [26/Sep/2025:18:50:02 +0000] \"GET / HTTP/1.1\" 200 24 \"-\" \"HTTPie\"","service":"acquisitions-api"}
{"level":"info","message":"::1 - - [26/Sep/2025:18:50:13 +0000] \"GET /api HTTP/1.1\" 200 42 \"-\" \"HTTPie\"","service":"acquisitions-api"}
{"level":"info","message":"::1 - - [26/Sep/2025:18:50:27 +0000] \"GET /api/auth HTTP/1.1\" 404 147 \"-\" \"HTTPie\"","service":"acquisitions-api"}
{"level":"info","message":"::1 - - [26/Sep/2025:18:50:34 +0000] \"GET /api/ HTTP/1.1\" 200 42 \"-\" \"HTTPie\"","service":"acquisitions-api"}
{"level":"info","message":"::1 - - [26/Sep/2025:18:51:28 +0000] \"POST /api/auth/sign-up HTTP/1.1\" 404 156 \"-\" \"HTTPie\"","service":"acquisitions-api"}
{"level":"info","message":"::1 - - [26/Sep/2025:18:57:20 +0000] \"POST /api/auth/sign-up HTTP/1.1\" 200 31 \"-\" \"HTTPie\"","service":"acquisitions-api"}
{"level":"info","message":"::1 - - [26/Sep/2025:18:58:47 +0000] \"POST /api/auth/sign-up HTTP/1.1\" 400 59 \"-\" \"HTTPie\"","service":"acquisitions-api"}
{"level":"info","message":"::1 - - [26/Sep/2025:19:01:36 +0000] \"POST /api/auth/sign-up HTTP/1.1\" 400 59 \"-\" \"HTTPie\"","service":"acquisitions-api"}
{"level":"info","message":"::1 - - [26/Sep/2025:19:02:50 +0000] \"POST /api/auth/sign-up HTTP/1.1\" 400 59 \"-\" \"HTTPie\"","service":"acquisitions-api"}
{"level":"info","message":"::1 - - [26/Sep/2025:19:03:33 +0000] \"POST /api/auth/sign-up HTTP/1.1\" 400 59 \"-\" \"HTTPie\"","service":"acquisitions-api"}
{"level":"error","message":"Signup error: errors.issues.map(...).json is not a function","service":"acquisitions-api"}
{"level":"info","message":"::1 - - [26/Sep/2025:19:10:58 +0000] \"POST /api/auth/sign-up HTTP/1.1\" 400 496 \"-\" \"HTTPie\"","service":"acquisitions-api"}
{"level":"error","message":"Signup error: errors.issues.map(...).json is not a function","service":"acquisitions-api"}
{"level":"info","message":"::1 - - [26/Sep/2025:19:14:58 +0000] \"POST /api/auth/sign-up HTTP/1.1\" 400 496 \"-\" \"HTTPie\"","service":"acquisitions-api"}
{"level":"info","message":"::1 - - [26/Sep/2025:19:24:23 +0000] \"POST /api/auth/sign-up HTTP/1.1\" 400 92 \"-\" \"HTTPie\"","service":"acquisitions-api"}
{"level":"info","message":"::1 - - [26/Sep/2025:19:25:23 +0000] \"POST /api/auth/sign-up HTTP/1.1\" 400 92 \"-\" \"HTTPie\"","service":"acquisitions-api"}
{"level":"info","message":"::1 - - [26/Sep/2025:19:28:11 +0000] \"POST /api/auth/sign-up HTTP/1.1\" 400 92 \"-\" \"HTTPie\"","service":"acquisitions-api"}
{"level":"info","message":"::1 - - [26/Sep/2025:19:30:45 +0000] \"POST /api/auth/sign-up HTTP/1.1\" 400 92 \"-\" \"HTTPie\"","service":"acquisitions-api"}
{"level":"info","message":"::1 - - [26/Sep/2025:19:31:31 +0000] \"POST /api/auth/sign-up HTTP/1.1\" 400 144 \"-\" \"HTTPie\"","service":"acquisitions-api"}
{"level":"info","message":"::1 - - [26/Sep/2025:19:37:09 +0000] \"POST /api/auth/sign-up HTTP/1.1\" 400 159 \"-\" \"HTTPie\"","service":"acquisitions-api"}
{"level":"info","message":"::1 - - [26/Sep/2025:19:37:36 +0000] \"POST /api/auth/sign-up HTTP/1.1\" 400 159 \"-\" \"HTTPie\"","service":"acquisitions-api"}
{"level":"info","message":"::1 - - [26/Sep/2025:19:38:02 +0000] \"POST /api/auth/sign-up HTTP/1.1\" 400 107 \"-\" \"HTTPie\"","service":"acquisitions-api"}
{"level":"info","message":"::1 - - [26/Sep/2025:19:38:41 +0000] \"POST /api/auth/sign-up HTTP/1.1\" 400 107 \"-\" \"HTTPie\"","service":"acquisitions-api"}
{"level":"info","message":"::1 - - [26/Sep/2025:19:39:32 +0000] \"POST /api/auth/sign-up HTTP/1.1\" 400 107 \"-\" \"HTTPie\"","service":"acquisitions-api"}
{"level":"info","message":"::1 - - [26/Sep/2025:19:40:43 +0000] \"POST /api/auth/sign-up HTTP/1.1\" 400 107 \"-\" \"HTTPie\"","service":"acquisitions-api"}
{"level":"info","message":"::1 - - [26/Sep/2025:19:41:30 +0000] \"POST /api/auth/sign-up HTTP/1.1\" 400 107 \"-\" \"HTTPie\"","service":"acquisitions-api"}
{"level":"error","message":"Signup error: Cannot read properties of undefined (reading 'toString')","service":"acquisitions-api"}
{"level":"info","message":"::1 - - [26/Sep/2025:19:55:33 +0000] \"POST /api/auth/sign-up HTTP/1.1\" 500 1271 \"-\" \"HTTPie\"","service":"acquisitions-api"}
{"level":"info","message":"User registered successfully: contact@jmastery.com","service":"acquisitions-api"}
{"level":"info","message":"::1 - - [26/Sep/2025:19:59:51 +0000] \"POST /api/auth/sign-up HTTP/1.1\" 201 106 \"-\" \"HTTPie\"","service":"acquisitions-api"}
{"level":"info","message":"Hello from Acquisitions!","service":"acquisitions-api"}
{"level":"info","message":"::1 - - [26/Sep/2025:20:59:16 +0000] \"GET / HTTP/1.1\" 304 - \"-\" \"Mozilla/5.0 (Windows NT 10.0; Win64; x64) AppleWebKit/537.36 (KHTML, like Gecko) Chrome/140.0.0.0 Safari/537.36\"","service":"acquisitions-api"}
{"level":"error","message":"Error creating the user: Error: Failed query: insert into \"users\" (\"id\", \"name\", \"email\", \"password\", \"role\", \"created_at\", \"updated_at\") values (default, $1, $2, $3, $4, default, default) returning \"id\", \"name\", \"email\", \"role\", \"created_at\"\nparams: Adrian,contact@jmastery.com,$2b$10$vgI2NpkXCyHz5jY4xJXOwezzmEjrZznVnLqwK/QrqYI94.e46l5cm,user","service":"acquisitions-api"}
{"level":"error","message":"Signup error: Failed query: insert into \"users\" (\"id\", \"name\", \"email\", \"password\", \"role\", \"created_at\", \"updated_at\") values (default, $1, $2, $3, $4, default, default) returning \"id\", \"name\", \"email\", \"role\", \"created_at\"\nparams: Adrian,contact@jmastery.com,$2b$10$vgI2NpkXCyHz5jY4xJXOwezzmEjrZznVnLqwK/QrqYI94.e46l5cm,user","service":"acquisitions-api"}
{"level":"info","message":"::1 - - [26/Sep/2025:21:01:40 +0000] \"POST /api/auth/sign-up HTTP/1.1\" 500 1200 \"-\" \"HTTPie\"","service":"acquisitions-api"}
{"level":"error","message":"Error creating the user: Error: Failed query: insert into \"users\" (\"id\", \"name\", \"email\", \"password\", \"role\", \"created_at\", \"updated_at\") values (default, $1, $2, $3, $4, default, default) returning \"id\", \"name\", \"email\", \"role\", \"created_at\"\nparams: Adrian,contact@jmastery.com,$2b$10$eEO/l/pEUoFvv2aW7mdye.9bbIyQNNFJPzCZZhT82wXmqoxEPYvWm,user","service":"acquisitions-api"}
{"level":"error","message":"Signup error: Failed query: insert into \"users\" (\"id\", \"name\", \"email\", \"password\", \"role\", \"created_at\", \"updated_at\") values (default, $1, $2, $3, $4, default, default) returning \"id\", \"name\", \"email\", \"role\", \"created_at\"\nparams: Adrian,contact@jmastery.com,$2b$10$eEO/l/pEUoFvv2aW7mdye.9bbIyQNNFJPzCZZhT82wXmqoxEPYvWm,user","service":"acquisitions-api"}
{"level":"info","message":"::1 - - [26/Sep/2025:21:16:33 +0000] \"POST /api/auth/sign-up HTTP/1.1\" 500 1200 \"-\" \"HTTPie\"","service":"acquisitions-api"}
{"level":"info","message":"User contact@jmastery.com created successfully","service":"acquisitions-api"}
{"level":"info","message":"User registered successfully: contact@jmastery.com","service":"acquisitions-api"}
{"level":"info","message":"::1 - - [26/Sep/2025:21:22:40 +0000] \"POST /api/auth/sign-up HTTP/1.1\" 201 106 \"-\" \"HTTPie\"","service":"acquisitions-api"}
{"level":"error","message":"Error creating the user: Error: User already exists","service":"acquisitions-api"}
{"level":"error","message":"Signup error: User already exists","service":"acquisitions-api"}
{"level":"info","message":"::1 - - [26/Sep/2025:21:26:49 +0000] \"POST /api/auth/sign-up HTTP/1.1\" 500 471 \"-\" \"HTTPie\"","service":"acquisitions-api"}
{"level":"error","message":"Error creating the user: Error: User already exists","service":"acquisitions-api"}
{"level":"error","message":"Signup error: User already exists","service":"acquisitions-api"}
{"level":"info","message":"::1 - - [26/Sep/2025:21:27:41 +0000] \"POST /api/auth/sign-up HTTP/1.1\" 500 471 \"-\" \"HTTPie\"","service":"acquisitions-api"}
{"level":"error","message":"Error creating the user: Error: User already exists","service":"acquisitions-api"}
{"level":"error","message":"Signup error: User already exists","service":"acquisitions-api"}
{"level":"info","message":"::1 - - [26/Sep/2025:21:27:44 +0000] \"POST /api/auth/sign-up HTTP/1.1\" 500 471 \"-\" \"HTTPie\"","service":"acquisitions-api"}
{"level":"info","message":"User contact@jmastery.com created successfully","service":"acquisitions-api"}
{"level":"info","message":"User registered successfully: contact@jmastery.com","service":"acquisitions-api"}
{"level":"info","message":"::1 - - [29/Sep/2025:11:48:43 +0000] \"POST /api/auth/sign-up HTTP/1.1\" 201 107 \"-\" \"HTTPie\"","service":"acquisitions-api"}
{"level":"info","message":"User contact@studio5ive.org created successfully","service":"acquisitions-api"}
{"level":"info","message":"User registered successfully: contact@studio5ive.org","service":"acquisitions-api"}
{"level":"info","message":"::1 - - [29/Sep/2025:11:50:59 +0000] \"POST /api/auth/sign-up HTTP/1.1\" 201 108 \"-\" \"HTTPie\"","service":"acquisitions-api"}
{"level":"info","message":"User contact@studio5ive.org authenticated successfully","service":"acquisitions-api"}
{"level":"info","message":"User signed in successfully: contact@studio5ive.org","service":"acquisitions-api"}
{"level":"info","message":"::1 - - [29/Sep/2025:12:41:28 +0000] \"POST /api/auth/sign-in HTTP/1.1\" 200 107 \"-\" \"HTTPie\"","service":"acquisitions-api"}
{"level":"info","message":"User signed out successfully","service":"acquisitions-api"}
{"level":"info","message":"::1 - - [29/Sep/2025:12:44:06 +0000] \"POST /api/auth/sign-out HTTP/1.1\" 200 42 \"-\" \"HTTPie\"","service":"acquisitions-api"}
{"level":"info","message":"User contact@studio5ive.org authenticated successfully","service":"acquisitions-api"}
{"level":"info","message":"User signed in successfully: contact@studio5ive.org","service":"acquisitions-api"}
{"level":"info","message":"::1 - - [29/Sep/2025:12:44:26 +0000] \"POST /api/auth/sign-in HTTP/1.1\" 200 107 \"-\" \"HTTPie\"","service":"acquisitions-api"}
{"level":"info","message":"User signed out successfully","service":"acquisitions-api"}
{"level":"info","message":"::1 - - [29/Sep/2025:12:46:28 +0000] \"POST /api/auth/sign-out HTTP/1.1\" 200 42 \"-\" \"HTTPie\"","service":"acquisitions-api"}
{"level":"info","message":"User signed out successfully","service":"acquisitions-api"}
{"level":"info","message":"::1 - - [29/Sep/2025:12:46:29 +0000] \"POST /api/auth/sign-out HTTP/1.1\" 200 42 \"-\" \"HTTPie\"","service":"acquisitions-api"}
{"level":"info","message":"::1 - - [29/Sep/2025:15:28:27 +0000] \"GET /health HTTP/1.1\" 200 74 \"-\" \"HTTPie\"","service":"acquisitions-api"}
{"level":"info","message":"::1 - - [29/Sep/2025:15:28:57 +0000] \"GET /health HTTP/1.1\" 200 75 \"-\" \"HTTPie\"","service":"acquisitions-api"}
{"level":"info","message":"::1 - - [29/Sep/2025:15:28:58 +0000] \"GET /health HTTP/1.1\" 200 75 \"-\" \"HTTPie\"","service":"acquisitions-api"}
{"level":"info","message":"::1 - - [29/Sep/2025:15:28:59 +0000] \"GET /health HTTP/1.1\" 200 75 \"-\" \"HTTPie\"","service":"acquisitions-api"}
{"level":"info","message":"::1 - - [29/Sep/2025:15:28:59 +0000] \"GET /health HTTP/1.1\" 200 75 \"-\" \"HTTPie\"","service":"acquisitions-api"}
{"ip":"::1","level":"warn","message":"Rate limit exceeded","path":"/health","service":"acquisitions-api","userAgent":"HTTPie"}
{"level":"info","message":"::1 - - [29/Sep/2025:15:29:00 +0000] \"GET /health HTTP/1.1\" 429 97 \"-\" \"HTTPie\"","service":"acquisitions-api"}
